#
# There is insufficient memory for the Java Runtime Environment to continue.
# Native memory allocation (malloc) failed to allocate 987296 bytes for Chunk::new
# Possible reasons:
#   The system is out of physical RAM or swap space
#   In 32 bit mode, the process size limit was hit
# Possible solutions:
#   Reduce memory load on the system
#   Increase physical memory or swap space
#   Check if swap backing store is full
#   Use 64 bit Java on a 64 bit OS
#   Decrease Java heap size (-Xmx/-Xms)
#   Decrease number of Java threads
#   Decrease Java thread stack sizes (-Xss)
#   Set larger code cache with -XX:ReservedCodeCacheSize=
# This output file may be truncated or incomplete.
#
#  Out of Memory Error (allocation.cpp:390), pid=1964, tid=0x0000000000001500
#
# JRE version: Java(TM) SE Runtime Environment (8.0_162-b12) (build 1.8.0_162-b12)
# Java VM: Java HotSpot(TM) 64-Bit Server VM (25.162-b12 mixed mode windows-amd64 compressed oops)
# Failed to write core dump. Minidumps are not enabled by default on client versions of Windows
#

---------------  T H R E A D  ---------------

Current thread (0x0000000019d02800):  JavaThread "C2 CompilerThread1" daemon [_thread_in_native, id=5376, stack(0x000000001a5e0000,0x000000001a6e0000)]

Stack: [0x000000001a5e0000,0x000000001a6e0000]
[error occurred during error reporting (printing stack bounds), id 0xc0000005]

Native frames: (J=compiled Java code, j=interpreted, Vv=VM code, C=native code)


Current CompileTask:
C2:   9842 2270   !   4       java.net.URLClassLoader$1::run (63 bytes)


---------------  P R O C E S S  ---------------

Java Threads: ( => current thread )
  0x000000001b69f800 JavaThread "TimerQueue" daemon [_thread_blocked, id=7448, stack(0x00000000201b0000,0x00000000202b0000)]
  0x000000001b69e000 JavaThread "DestroyJavaVM" [_thread_blocked, id=3076, stack(0x0000000002b60000,0x0000000002c60000)]
  0x000000001b6a2800 JavaThread "AWT-EventQueue-0" [_thread_in_native, id=13036, stack(0x000000001f0b0000,0x000000001f1b0000)]
  0x000000001b6a3000 JavaThread "Image Fetcher 0" daemon [_thread_blocked, id=11476, stack(0x000000001efb0000,0x000000001f0b0000)]
  0x000000001b69d000 JavaThread "AWT-Windows" daemon [_thread_in_native, id=6676, stack(0x000000001d8d0000,0x000000001d9d0000)]
  0x000000001b6a1000 JavaThread "AWT-Shutdown" [_thread_blocked, id=6612, stack(0x000000001d7d0000,0x000000001d8d0000)]
  0x000000001b69c800 JavaThread "Java2D Disposer" daemon [_thread_blocked, id=7176, stack(0x000000001d670000,0x000000001d770000)]
  0x000000001b69e800 JavaThread "pool-1-thread-1" [_thread_blocked, id=12908, stack(0x000000001cc50000,0x000000001cd50000)]
  0x000000001b6a0000 JavaThread "Abandoned connection cleanup thread" daemon [_thread_blocked, id=4188, stack(0x000000001c610000,0x000000001c710000)]
  0x0000000019d9c000 JavaThread "Service Thread" daemon [_thread_blocked, id=5872, stack(0x000000001a8e0000,0x000000001a9e0000)]
  0x0000000019d0c800 JavaThread "C1 CompilerThread3" daemon [_thread_blocked, id=13220, stack(0x000000001a7e0000,0x000000001a8e0000)]
  0x0000000019d06800 JavaThread "C2 CompilerThread2" daemon [_thread_blocked, id=11528, stack(0x000000001a6e0000,0x000000001a7e0000)]
=>0x0000000019d02800 JavaThread "C2 CompilerThread1" daemon [_thread_in_native, id=5376, stack(0x000000001a5e0000,0x000000001a6e0000)]
  0x0000000019cff800 JavaThread "C2 CompilerThread0" daemon [_thread_in_native, id=14640, stack(0x000000001a4e0000,0x000000001a5e0000)]
  0x0000000019cfe000 JavaThread "Attach Listener" daemon [_thread_blocked, id=2596, stack(0x000000001a3e0000,0x000000001a4e0000)]
  0x0000000019cfd000 JavaThread "Signal Dispatcher" daemon [_thread_blocked, id=9312, stack(0x000000001a2e0000,0x000000001a3e0000)]
  0x0000000019cf1800 JavaThread "Finalizer" daemon [_thread_blocked, id=8760, stack(0x000000001a0d0000,0x000000001a1d0000)]
  0x0000000002e5d800 JavaThread "Reference Handler" daemon [_thread_blocked, id=760, stack(0x0000000019bd0000,0x0000000019cd0000)]

Other Threads:
  0x0000000017de9800 VMThread [stack: 0x0000000019ad0000,0x0000000019bd0000] [id=5952]
  0x0000000019dbf000 WatcherThread [stack: 0x000000001ab40000,0x000000001ac40000] [id=12220]

VM state:not at safepoint (normal execution)

VM Mutex/Monitor currently owned by a thread: None

Heap:
 PSYoungGen      total 38400K, used 17420K [0x00000000d5e00000, 0x00000000d8880000, 0x0000000100000000)
  eden space 33280K, 36% used [0x00000000d5e00000,0x00000000d6a040b0,0x00000000d7e80000)
  from space 5120K, 99% used [0x00000000d8380000,0x00000000d887efc8,0x00000000d8880000)
  to   space 5120K, 0% used [0x00000000d7e80000,0x00000000d7e80000,0x00000000d8380000)
 ParOldGen       total 56832K, used 18704K [0x0000000081a00000, 0x0000000085180000, 0x00000000d5e00000)
  object space 56832K, 32% used [0x0000000081a00000,0x0000000082c44028,0x0000000085180000)
 Metaspace       used 34644K, capacity 35104K, committed 35328K, reserved 1079296K
  class space    used 4443K, capacity 4567K, committed 4608K, reserved 1048576K

Card table byte_map: [0x0000000012220000,0x0000000012620000] byte_map_base: 0x0000000011e13000

Marking Bits: (ParMarkBitMap*) 0x00000000705f0860
 Begin Bits: [0x00000000130d0000, 0x0000000015068000)
 End Bits:   [0x0000000015068000, 0x0000000017000000)

Polling page: 0x0000000000cb0000

CodeCache: size=245760Kb used=7457Kb max_used=7608Kb free=238302Kb
 bounds [0x0000000002e60000, 0x00000000035e0000, 0x0000000011e60000]
 total_blobs=3010 nmethods=2111 adapters=810
 compilation: enabled

Compilation events (10 events):
Event: 9.753 Thread 0x0000000019d0c800 nmethod 2328 0x000000000337fd10 code [0x000000000337fe60, 0x000000000337ff70]
Event: 9.758 Thread 0x0000000019d0c800 2329       3       java.awt.AWTKeyStroke::mapNewModifiers (63 bytes)
Event: 9.758 Thread 0x0000000019d0c800 nmethod 2329 0x00000000032ca750 code [0x00000000032ca8a0, 0x00000000032cab30]
Event: 9.758 Thread 0x0000000019d0c800 2330       3       java.awt.geom.AffineTransform::translate (547 bytes)
Event: 9.759 Thread 0x0000000019d0c800 nmethod 2330 0x0000000003318a50 code [0x0000000003318c00, 0x00000000033197c8]
Event: 9.759 Thread 0x0000000019d0c800 2332       3       sun.java2d.SunGraphics2D::translate (68 bytes)
Event: 9.759 Thread 0x0000000019d0c800 nmethod 2332 0x0000000003120990 code [0x0000000003120b20, 0x0000000003120e78]
Event: 9.759 Thread 0x0000000019d0c800 2331       1       javax.swing.JComponent::isOptimizedDrawingEnabled (2 bytes)
Event: 9.759 Thread 0x0000000019d0c800 nmethod 2331 0x000000000316f8d0 code [0x000000000316fa20, 0x000000000316fb30]
Event: 9.761 Thread 0x0000000019d06800 nmethod 2323 0x0000000003043bd0 code [0x0000000003043dc0, 0x00000000030450c0]

GC Heap History (10 events):
Event: 1.494 GC heap before
{Heap before GC invocations=3 (full 0):
 PSYoungGen      total 38400K, used 38389K [0x00000000d5e00000, 0x00000000d8880000, 0x0000000100000000)
  eden space 33280K, 100% used [0x00000000d5e00000,0x00000000d7e80000,0x00000000d7e80000)
  from space 5120K, 99% used [0x00000000d8380000,0x00000000d887d6e8,0x00000000d8880000)
  to   space 5120K, 0% used [0x00000000d7e80000,0x00000000d7e80000,0x00000000d8380000)
 ParOldGen       total 87552K, used 2736K [0x0000000081a00000, 0x0000000086f80000, 0x00000000d5e00000)
  object space 87552K, 3% used [0x0000000081a00000,0x0000000081cac0c0,0x0000000086f80000)
 Metaspace       used 19221K, capacity 19494K, committed 19712K, reserved 1067008K
  class space    used 2397K, capacity 2485K, committed 2560K, reserved 1048576K
Event: 1.500 GC heap after
Heap after GC invocations=3 (full 0):
 PSYoungGen      total 38400K, used 5099K [0x00000000d5e00000, 0x00000000d8880000, 0x0000000100000000)
  eden space 33280K, 0% used [0x00000000d5e00000,0x00000000d5e00000,0x00000000d7e80000)
  from space 5120K, 99% used [0x00000000d7e80000,0x00000000d837acd8,0x00000000d8380000)
  to   space 5120K, 0% used [0x00000000d8380000,0x00000000d8380000,0x00000000d8880000)
 ParOldGen       total 87552K, used 5974K [0x0000000081a00000, 0x0000000086f80000, 0x00000000d5e00000)
  object space 87552K, 6% used [0x0000000081a00000,0x0000000081fd5b38,0x0000000086f80000)
 Metaspace       used 19221K, capacity 19494K, committed 19712K, reserved 1067008K
  class space    used 2397K, capacity 2485K, committed 2560K, reserved 1048576K
}
Event: 1.570 GC heap before
{Heap before GC invocations=4 (full 0):
 PSYoungGen      total 38400K, used 13002K [0x00000000d5e00000, 0x00000000d8880000, 0x0000000100000000)
  eden space 33280K, 23% used [0x00000000d5e00000,0x00000000d65b7c10,0x00000000d7e80000)
  from space 5120K, 99% used [0x00000000d7e80000,0x00000000d837acd8,0x00000000d8380000)
  to   space 5120K, 0% used [0x00000000d8380000,0x00000000d8380000,0x00000000d8880000)
 ParOldGen       total 87552K, used 5974K [0x0000000081a00000, 0x0000000086f80000, 0x00000000d5e00000)
  object space 87552K, 6% used [0x0000000081a00000,0x0000000081fd5b38,0x0000000086f80000)
 Metaspace       used 20911K, capacity 21112K, committed 21296K, reserved 1069056K
  class space    used 2618K, capacity 2686K, committed 2688K, reserved 1048576K
Event: 1.574 GC heap after
Heap after GC invocations=4 (full 0):
 PSYoungGen      total 38400K, used 5115K [0x00000000d5e00000, 0x00000000d8880000, 0x0000000100000000)
  eden space 33280K, 0% used [0x00000000d5e00000,0x00000000d5e00000,0x00000000d7e80000)
  from space 5120K, 99% used [0x00000000d8380000,0x00000000d887eca8,0x00000000d8880000)
  to   space 5120K, 0% used [0x00000000d7e80000,0x00000000d7e80000,0x00000000d8380000)
 ParOldGen       total 87552K, used 6779K [0x0000000081a00000, 0x0000000086f80000, 0x00000000d5e00000)
  object space 87552K, 7% used [0x0000000081a00000,0x000000008209ec58,0x0000000086f80000)
 Metaspace       used 20911K, capacity 21112K, committed 21296K, reserved 1069056K
  class space    used 2618K, capacity 2686K, committed 2688K, reserved 1048576K
}
Event: 1.574 GC heap before
{Heap before GC invocations=5 (full 1):
 PSYoungGen      total 38400K, used 5115K [0x00000000d5e00000, 0x00000000d8880000, 0x0000000100000000)
  eden space 33280K, 0% used [0x00000000d5e00000,0x00000000d5e00000,0x00000000d7e80000)
  from space 5120K, 99% used [0x00000000d8380000,0x00000000d887eca8,0x00000000d8880000)
  to   space 5120K, 0% used [0x00000000d7e80000,0x00000000d7e80000,0x00000000d8380000)
 ParOldGen       total 87552K, used 6779K [0x0000000081a00000, 0x0000000086f80000, 0x00000000d5e00000)
  object space 87552K, 7% used [0x0000000081a00000,0x000000008209ec58,0x0000000086f80000)
 Metaspace       used 20911K, capacity 21112K, committed 21296K, reserved 1069056K
  class space    used 2618K, capacity 2686K, committed 2688K, reserved 1048576K
Event: 1.594 GC heap after
Heap after GC invocations=5 (full 1):
 PSYoungGen      total 38400K, used 0K [0x00000000d5e00000, 0x00000000d8880000, 0x0000000100000000)
  eden space 33280K, 0% used [0x00000000d5e00000,0x00000000d5e00000,0x00000000d7e80000)
  from space 5120K, 0% used [0x00000000d8380000,0x00000000d8380000,0x00000000d8880000)
  to   space 5120K, 0% used [0x00000000d7e80000,0x00000000d7e80000,0x00000000d8380000)
 ParOldGen       total 56832K, used 5920K [0x0000000081a00000, 0x0000000085180000, 0x00000000d5e00000)
  object space 56832K, 10% used [0x0000000081a00000,0x0000000081fc81e0,0x0000000085180000)
 Metaspace       used 20911K, capacity 21112K, committed 21296K, reserved 1069056K
  class space    used 2618K, capacity 2686K, committed 2688K, reserved 1048576K
}
Event: 9.170 GC heap before
{Heap before GC invocations=6 (full 1):
 PSYoungGen      total 38400K, used 33280K [0x00000000d5e00000, 0x00000000d8880000, 0x0000000100000000)
  eden space 33280K, 100% used [0x00000000d5e00000,0x00000000d7e80000,0x00000000d7e80000)
  from space 5120K, 0% used [0x00000000d8380000,0x00000000d8380000,0x00000000d8880000)
  to   space 5120K, 0% used [0x00000000d7e80000,0x00000000d7e80000,0x00000000d8380000)
 ParOldGen       total 56832K, used 5920K [0x0000000081a00000, 0x0000000085180000, 0x00000000d5e00000)
  object space 56832K, 10% used [0x0000000081a00000,0x0000000081fc81e0,0x0000000085180000)
 Metaspace       used 29087K, capacity 29432K, committed 29824K, reserved 1075200K
  class space    used 3772K, capacity 3877K, committed 3968K, reserved 1048576K
Event: 9.175 GC heap after
Heap after GC invocations=6 (full 1):
 PSYoungGen      total 38400K, used 3745K [0x00000000d5e00000, 0x00000000d8880000, 0x0000000100000000)
  eden space 33280K, 0% used [0x00000000d5e00000,0x00000000d5e00000,0x00000000d7e80000)
  from space 5120K, 73% used [0x00000000d7e80000,0x00000000d8228410,0x00000000d8380000)
  to   space 5120K, 0% used [0x00000000d8380000,0x00000000d8380000,0x00000000d8880000)
 ParOldGen       total 56832K, used 17214K [0x0000000081a00000, 0x0000000085180000, 0x00000000d5e00000)
  object space 56832K, 30% used [0x0000000081a00000,0x0000000082acf818,0x0000000085180000)
 Metaspace       used 29087K, capacity 29432K, committed 29824K, reserved 1075200K
  class space    used 3772K, capacity 3877K, committed 3968K, reserved 1048576K
}
Event: 9.598 GC heap before
{Heap before GC invocations=7 (full 1):
 PSYoungGen      total 38400K, used 37025K [0x00000000d5e00000, 0x00000000d8880000, 0x0000000100000000)
  eden space 33280K, 100% used [0x00000000d5e00000,0x00000000d7e80000,0x00000000d7e80000)
  from space 5120K, 73% used [0x00000000d7e80000,0x00000000d8228410,0x00000000d8380000)
  to   space 5120K, 0% used [0x00000000d8380000,0x00000000d8380000,0x00000000d8880000)
 ParOldGen       total 56832K, used 17214K [0x0000000081a00000, 0x0000000085180000, 0x00000000d5e00000)
  object space 56832K, 30% used [0x0000000081a00000,0x0000000082acf818,0x0000000085180000)
 Metaspace       used 32527K, capacity 32946K, committed 33280K, reserved 1079296K
  class space    used 4186K, capacity 4299K, committed 4352K, reserved 1048576K
Event: 9.603 GC heap after
Heap after GC invocations=7 (full 1):
 PSYoungGen      total 38400K, used 5115K [0x00000000d5e00000, 0x00000000d8880000, 0x0000000100000000)
  eden space 33280K, 0% used [0x00000000d5e00000,0x00000000d5e00000,0x00000000d7e80000)
  from space 5120K, 99% used [0x00000000d8380000,0x00000000d887efc8,0x00000000d8880000)
  to   space 5120K, 0% used [0x00000000d7e80000,0x00000000d7e80000,0x00000000d8380000)
 ParOldGen       total 56832K, used 18704K [0x0000000081a00000, 0x0000000085180000, 0x00000000d5e00000)
  object space 56832K, 32% used [0x0000000081a00000,0x0000000082c44028,0x0000000085180000)
 Metaspace       used 32527K, capacity 32946K, committed 33280K, reserved 1079296K
  class space    used 4186K, capacity 4299K, committed 4352K, reserved 1048576K
}

Deoptimization events (10 events):
Event: 9.537 Thread 0x000000001b6a2800 Uncommon trap: reason=class_check action=maybe_recompile pc=0x0000000003107d84 method=java.util.regex.Pattern$BmpCharProperty.match(Ljava/util/regex/Matcher;ILjava/lang/CharSequence;)Z @ 31
Event: 9.537 Thread 0x000000001b6a2800 Uncommon trap: reason=class_check action=maybe_recompile pc=0x0000000003107d84 method=java.util.regex.Pattern$BmpCharProperty.match(Ljava/util/regex/Matcher;ILjava/lang/CharSequence;)Z @ 31
Event: 9.537 Thread 0x000000001b6a2800 Uncommon trap: reason=class_check action=maybe_recompile pc=0x0000000003107d84 method=java.util.regex.Pattern$BmpCharProperty.match(Ljava/util/regex/Matcher;ILjava/lang/CharSequence;)Z @ 31
Event: 9.571 Thread 0x000000001b6a2800 Uncommon trap: reason=predicate action=maybe_recompile pc=0x0000000003403e70 method=java.util.Arrays.binarySearch0([Ljava/lang/Object;IILjava/lang/Object;Ljava/util/Comparator;)I @ 28
Event: 9.665 Thread 0x000000001b6a2800 Uncommon trap: reason=bimorphic action=maybe_recompile pc=0x00000000034e61e0 method=java.lang.ClassLoader.loadClass(Ljava/lang/String;Z)Ljava/lang/Class; @ 38
Event: 9.665 Thread 0x000000001b6a2800 Uncommon trap: reason=bimorphic action=maybe_recompile pc=0x00000000034e61e0 method=java.lang.ClassLoader.loadClass(Ljava/lang/String;Z)Ljava/lang/Class; @ 38
Event: 9.665 Thread 0x000000001b6a2800 Uncommon trap: reason=bimorphic action=maybe_recompile pc=0x00000000034e61e0 method=java.lang.ClassLoader.loadClass(Ljava/lang/String;Z)Ljava/lang/Class; @ 38
Event: 9.666 Thread 0x000000001b6a2800 Uncommon trap: reason=bimorphic action=maybe_recompile pc=0x00000000034e61e0 method=java.lang.ClassLoader.loadClass(Ljava/lang/String;Z)Ljava/lang/Class; @ 38
Event: 9.669 Thread 0x000000001b6a2800 Uncommon trap: reason=unstable_if action=reinterpret pc=0x000000000327ff58 method=java.lang.reflect.Method.equals(Ljava/lang/Object;)Z @ 49
Event: 9.698 Thread 0x000000001b6a2800 Uncommon trap: reason=unstable_if action=reinterpret pc=0x000000000346eee8 method=java.lang.ClassLoader.checkName(Ljava/lang/String;)Z @ 20

Classes redefined (0 events):
No events

Internal exceptions (10 events):
Event: 9.575 Thread 0x000000001b6a2800 Exception <a 'java/lang/ClassNotFoundException': RelCliente_1581266776878_81839BeanInfo> (0x00000000d78e1580) thrown at [C:\re\workspace\8-2-build-windows-amd64-cygwin\jdk8u162\10278\hotspot\src\share\vm\classfile\systemDictionary.cpp, line 210]
Event: 9.575 Thread 0x000000001b6a2800 Exception <a 'java/lang/ClassNotFoundException': net/sf/jasperreports/compilers/GroovyEvaluatorBeanInfo> (0x00000000d7906260) thrown at [C:\re\workspace\8-2-build-windows-amd64-cygwin\jdk8u162\10278\hotspot\src\share\vm\classfile\systemDictionary.cpp, lin
Event: 9.575 Thread 0x000000001b6a2800 Exception <a 'java/lang/ClassNotFoundException': net/sf/jasperreports/engine/fill/JREvaluatorBeanInfo> (0x00000000d792a540) thrown at [C:\re\workspace\8-2-build-windows-amd64-cygwin\jdk8u162\10278\hotspot\src\share\vm\classfile\systemDictionary.cpp, line 
Event: 9.576 Thread 0x000000001b6a2800 Exception <a 'java/lang/ClassNotFoundException': net/sf/jasperreports/engine/fill/JREvaluatorCustomizer> (0x00000000d794f208) thrown at [C:\re\workspace\8-2-build-windows-amd64-cygwin\jdk8u162\10278\hotspot\src\share\vm\classfile\systemDictionary.cpp, lin
Event: 9.577 Thread 0x000000001b6a2800 Exception <a 'java/lang/ClassNotFoundException': net/sf/jasperreports/compilers/GroovyEvaluatorCustomizer> (0x00000000d7983840) thrown at [C:\re\workspace\8-2-build-windows-amd64-cygwin\jdk8u162\10278\hotspot\src\share\vm\classfile\systemDictionary.cpp, l
Event: 9.577 Thread 0x000000001b6a2800 Exception <a 'java/lang/ClassNotFoundException': RelCliente_1581266776878_81839Customizer> (0x00000000d79a4e78) thrown at [C:\re\workspace\8-2-build-windows-amd64-cygwin\jdk8u162\10278\hotspot\src\share\vm\classfile\systemDictionary.cpp, line 210]
Event: 9.669 Thread 0x000000001b6a2800 Exception <a 'java/lang/ClassNotFoundException': java/util/HashMapBeanInfo> (0x00000000d646df18) thrown at [C:\re\workspace\8-2-build-windows-amd64-cygwin\jdk8u162\10278\hotspot\src\share\vm\classfile\systemDictionary.cpp, line 210]
Event: 9.669 Thread 0x000000001b6a2800 Exception <a 'java/lang/ClassNotFoundException': java/util/AbstractMapBeanInfo> (0x00000000d647ac68) thrown at [C:\re\workspace\8-2-build-windows-amd64-cygwin\jdk8u162\10278\hotspot\src\share\vm\classfile\systemDictionary.cpp, line 210]
Event: 9.669 Thread 0x000000001b6a2800 Exception <a 'java/lang/ClassNotFoundException': java/util/AbstractMapCustomizer> (0x00000000d6487eb8) thrown at [C:\re\workspace\8-2-build-windows-amd64-cygwin\jdk8u162\10278\hotspot\src\share\vm\classfile\systemDictionary.cpp, line 210]
Event: 9.670 Thread 0x000000001b6a2800 Exception <a 'java/lang/ClassNotFoundException': java/util/HashMapCustomizer> (0x00000000d64a45c0) thrown at [C:\re\workspace\8-2-build-windows-amd64-cygwin\jdk8u162\10278\hotspot\src\share\vm\classfile\systemDictionary.cpp, line 210]

Events (10 events):
Event: 9.743 Executing VM operation: RevokeBias
Event: 9.743 Executing VM operation: RevokeBias done
Event: 9.743 Executing VM operation: RevokeBias
Event: 9.743 Executing VM operation: RevokeBias done
Event: 9.744 Executing VM operation: RevokeBias
Event: 9.744 Executing VM operation: RevokeBias done
Event: 9.747 Executing VM operation: RevokeBias
Event: 9.747 Executing VM operation: RevokeBias done
Event: 9.748 Executing VM operation: RevokeBias
Event: 9.748 Executing VM operation: RevokeBias done


Dynamic libraries:
0x00007ff7a1000000 - 0x00007ff7a1037000 	C:\Program Files\Java\jdk1.8.0_162\bin\java.exe
0x00007ffa702c0000 - 0x00007ffa704ad000 	C:\windows\SYSTEM32\ntdll.dll
0x00007ffa70130000 - 0x00007ffa701e3000 	C:\windows\System32\KERNEL32.DLL
0x00007ffa6c9e0000 - 0x00007ffa6cc73000 	C:\windows\System32\KERNELBASE.dll
0x00007ffa6f830000 - 0x00007ffa6f8d3000 	C:\windows\System32\ADVAPI32.dll
0x00007ffa6d590000 - 0x00007ffa6d62e000 	C:\windows\System32\msvcrt.dll
0x00007ffa701f0000 - 0x00007ffa7028e000 	C:\windows\System32\sechost.dll
0x00007ffa6fed0000 - 0x00007ffa6fff2000 	C:\windows\System32\RPCRT4.dll
0x00007ffa6f690000 - 0x00007ffa6f827000 	C:\windows\System32\USER32.dll
0x00007ffa6c490000 - 0x00007ffa6c4b0000 	C:\windows\System32\win32u.dll
0x00007ffa700e0000 - 0x00007ffa70109000 	C:\windows\System32\GDI32.dll
0x00007ffa6c4b0000 - 0x00007ffa6c649000 	C:\windows\System32\gdi32full.dll
0x00007ffa6d3d0000 - 0x00007ffa6d470000 	C:\windows\System32\msvcp_win.dll
0x00007ffa6c700000 - 0x00007ffa6c7fa000 	C:\windows\System32\ucrtbase.dll
0x00007ffa55ba0000 - 0x00007ffa55e19000 	C:\windows\WinSxS\amd64_microsoft.windows.common-controls_6595b64144ccf1df_6.0.17763.973_none_05b245900721eb81\COMCTL32.dll
0x00007ffa6f960000 - 0x00007ffa6fc8c000 	C:\windows\System32\combase.dll
0x00007ffa6c410000 - 0x00007ffa6c48e000 	C:\windows\System32\bcryptPrimitives.dll
0x00007ffa6d630000 - 0x00007ffa6d65e000 	C:\windows\System32\IMM32.DLL
0x000000006fcf0000 - 0x000000006fdc1000 	C:\Program Files\Java\jdk1.8.0_162\jre\bin\msvcr100.dll
0x000000006fdd0000 - 0x0000000070670000 	C:\Program Files\Java\jdk1.8.0_162\jre\bin\server\jvm.dll
0x00007ffa6dbe0000 - 0x00007ffa6dbe8000 	C:\windows\System32\PSAPI.DLL
0x00007ffa697d0000 - 0x00007ffa697f4000 	C:\windows\SYSTEM32\WINMM.dll
0x00007ffa656c0000 - 0x00007ffa656c9000 	C:\windows\SYSTEM32\WSOCK32.dll
0x00007ffa592a0000 - 0x00007ffa592aa000 	C:\windows\SYSTEM32\VERSION.dll
0x00007ffa6f620000 - 0x00007ffa6f68d000 	C:\windows\System32\WS2_32.dll
0x00007ffa697a0000 - 0x00007ffa697cd000 	C:\windows\SYSTEM32\WINMMBASE.dll
0x00007ffa6d470000 - 0x00007ffa6d4ba000 	C:\windows\System32\cfgmgr32.dll
0x000000006fca0000 - 0x000000006fcaf000 	C:\Program Files\Java\jdk1.8.0_162\jre\bin\verify.dll
0x000000006fc70000 - 0x000000006fc99000 	C:\Program Files\Java\jdk1.8.0_162\jre\bin\java.dll
0x000000006fc50000 - 0x000000006fc66000 	C:\Program Files\Java\jdk1.8.0_162\jre\bin\zip.dll
0x00007ffa6e120000 - 0x00007ffa6f614000 	C:\windows\System32\SHELL32.dll
0x00007ffa6d4e0000 - 0x00007ffa6d588000 	C:\windows\System32\shcore.dll
0x00007ffa6cc80000 - 0x00007ffa6d3cd000 	C:\windows\System32\windows.storage.dll
0x00007ffa6c2f0000 - 0x00007ffa6c314000 	C:\windows\System32\profapi.dll
0x00007ffa6c320000 - 0x00007ffa6c37d000 	C:\windows\System32\powrprof.dll
0x00007ffa6fe00000 - 0x00007ffa6fe52000 	C:\windows\System32\shlwapi.dll
0x00007ffa6c2d0000 - 0x00007ffa6c2e1000 	C:\windows\System32\kernel.appcore.dll
0x00007ffa6d4c0000 - 0x00007ffa6d4d7000 	C:\windows\System32\cryptsp.dll
0x000000006fc30000 - 0x000000006fc4a000 	C:\Program Files\Java\jdk1.8.0_162\jre\bin\net.dll
0x00007ffa6bac0000 - 0x00007ffa6bb27000 	C:\windows\system32\mswsock.dll
0x00007ffa6b870000 - 0x00007ffa6b936000 	C:\windows\SYSTEM32\DNSAPI.dll
0x00007ffa6fe60000 - 0x00007ffa6fe68000 	C:\windows\System32\NSI.dll
0x00007ffa6b7e0000 - 0x00007ffa6b81d000 	C:\windows\SYSTEM32\IPHLPAPI.DLL
0x00000000707e0000 - 0x0000000070806000 	C:\Program Files\Bonjour\mdnsNSP.dll
0x00007ffa5e050000 - 0x00007ffa5e05a000 	C:\Windows\System32\rasadhlp.dll
0x00007ffa5dd90000 - 0x00007ffa5de09000 	C:\windows\System32\fwpuclnt.dll
0x00007ffa6c3e0000 - 0x00007ffa6c406000 	C:\windows\System32\bcrypt.dll
0x00007ffa6b640000 - 0x00007ffa6b673000 	C:\windows\system32\rsaenh.dll
0x00007ffa6c1b0000 - 0x00007ffa6c1d8000 	C:\windows\SYSTEM32\USERENV.dll
0x00007ffa6bc90000 - 0x00007ffa6bc9c000 	C:\windows\SYSTEM32\CRYPTBASE.dll
0x00007ffa62ee0000 - 0x00007ffa62ef6000 	C:\windows\SYSTEM32\dhcpcsvc6.DLL
0x00007ffa62e10000 - 0x00007ffa62e2c000 	C:\windows\SYSTEM32\dhcpcsvc.DLL
0x000000006fc10000 - 0x000000006fc21000 	C:\Program Files\Java\jdk1.8.0_162\jre\bin\nio.dll
0x000000006fa70000 - 0x000000006fc08000 	C:\Program Files\Java\jdk1.8.0_162\jre\bin\awt.dll
0x00007ffa6d6d0000 - 0x00007ffa6d794000 	C:\windows\System32\OLEAUT32.dll
0x00007ffa6a080000 - 0x00007ffa6a10c000 	C:\windows\SYSTEM32\apphelp.dll
0x00007ffa6a920000 - 0x00007ffa6a94e000 	C:\windows\system32\DWMAPI.DLL
0x00007ffa6c800000 - 0x00007ffa6c9dc000 	C:\windows\System32\CRYPT32.dll
0x00007ffa6c2b0000 - 0x00007ffa6c2c2000 	C:\windows\System32\MSASN1.dll
0x00007ffa6a510000 - 0x00007ffa6a5ac000 	C:\windows\system32\uxtheme.dll
0x00007ffa325e0000 - 0x00007ffa32707000 	C:\windows\system32\opengl32.dll
0x00007ffa405e0000 - 0x00007ffa4060c000 	C:\windows\SYSTEM32\GLU32.dll
0x00007ffa6fc90000 - 0x00007ffa6fdfc000 	C:\windows\System32\MSCTF.dll
0x00007ffa6d950000 - 0x00007ffa6daa5000 	C:\windows\System32\ole32.dll
0x000000006fa20000 - 0x000000006fa67000 	C:\Program Files\Java\jdk1.8.0_162\jre\bin\fontmanager.dll
0x00007ffa6dbf0000 - 0x00007ffa6dc92000 	C:\windows\System32\clbcatq.dll
0x00007ffa641b0000 - 0x00007ffa64368000 	C:\windows\SYSTEM32\WindowsCodecs.dll
0x00007ffa460c0000 - 0x00007ffa46116000 	C:\windows\system32\dataexchange.dll
0x00007ffa68780000 - 0x00007ffa689fe000 	C:\windows\system32\d3d11.dll
0x00007ffa695d0000 - 0x00007ffa69793000 	C:\windows\system32\dcomp.dll
0x00007ffa6b0b0000 - 0x00007ffa6b172000 	C:\windows\system32\dxgi.dll
0x00007ffa6a150000 - 0x00007ffa6a35d000 	C:\windows\system32\twinapi.appcore.dll
0x00007ffa6a640000 - 0x00007ffa6a668000 	C:\windows\system32\RMCLIENT.dll
0x000000006f9d0000 - 0x000000006fa12000 	C:\Program Files\Java\jdk1.8.0_162\jre\bin\t2k.dll
0x00007ffa62f20000 - 0x00007ffa62fb5000 	C:\windows\System32\TextInputFramework.dll
0x00007ffa65b90000 - 0x00007ffa65eb2000 	C:\windows\System32\CoreUIComponents.dll
0x00007ffa69800000 - 0x00007ffa698e2000 	C:\windows\System32\CoreMessaging.dll
0x00007ffa6b350000 - 0x00007ffa6b381000 	C:\windows\SYSTEM32\ntmarta.dll
0x00007ffa67660000 - 0x00007ffa677b3000 	C:\windows\SYSTEM32\wintypes.dll

VM Arguments:
jvm_args: -Dfile.encoding=UTF-8 
java_command: camisa10.Camisa10
java_class_path (initial): C:\Program Files\NetBeans 8.2\ide\modules\ext\mysql-connector-java-5.1.23-bin.jar;C:\Program Files\NetBeans 8.2\java\modules\ext\hibernate4\antlr-2.7.7.jar;C:\Program Files\NetBeans 8.2\java\modules\ext\hibernate4\c3p0-0.9.2.1.jar;C:\Program Files\NetBeans 8.2\java\modules\ext\hibernate4\hibernate-c3p0-4.3.1.Final.jar;C:\Program Files\NetBeans 8.2\java\modules\ext\hibernate4\mchange-commons-java-0.2.3.4.jar;C:\Program Files\NetBeans 8.2\java\modules\ext\hibernate4\dom4j-1.6.1.jar;C:\Program Files\NetBeans 8.2\java\modules\ext\hibernate4\ehcache-core-2.4.3.jar;C:\Program Files\NetBeans 8.2\java\modules\ext\hibernate4\hibernate-ehcache-4.3.1.Final.jar;C:\Program Files\NetBeans 8.2\java\modules\ext\hibernate4\hibernate-core-4.3.1.Final.jar;C:\Program Files\NetBeans 8.2\java\modules\ext\hibernate4\jboss-logging-3.1.3.GA.jar;C:\Program Files\NetBeans 8.2\java\modules\ext\hibernate4\hibernate-commons-annotations-4.0.4.Final.jar;C:\Program Files\NetBeans 8.2\java\modules\ext\hibernate4\hibernate-entitymanager-4.3.1.Final.jar;C:\Program Files\NetBeans 8.2\java\modules\ext\hibernate4\javassist-3.18.1-GA.jar;C:\Program Files\NetBeans 8.2\java\modules\ext\hibernate4\jboss-transaction-api_1.2_spec-1.0.0.Final.jar;C:\Program Files\NetBeans 8.2\java\modules\ext\hibernate4\slf4j-api-1.6.1.jar;C:\Program Files\NetBeans 8.2\java\modules\ext\hibernate4\slf4j-simple-1.6.1.jar;C:\Program Files\NetBeans 8.2\java\modules\ext\hibernate4\hibernate-jpa-2.1-api-1.0.0.Final.jar;C:\Program Files\Java\jdk1.8.0_162\db\lib\derbyclient.jar;C:\Program Files\Java\jdk1.8.0_162\db\lib\derby.jar;C:\JCalendar\jcalendar-1.4.jar;C:\Program Files (x86)\Jaspersoft\iReport-5.6.0\ireport\libs\xalan.jar;C:\Program Files (x86)\Jaspersoft\iReport-5.6.0\ireport\modules\com-jaspersoft-ireport-addons.jar;C:\Program Files (x86)\Jaspersoft\iReport-5.6.0\ireport\modules\com-jaspersoft-ireport-components.jar;C:\Program Files (x86)\Jaspersoft\iReport-5.6.0\ireport\modules\com-jaspersoft-irep
Launcher Type: SUN_STANDARD

Environment Variables:
PATH=C:\ProgramData\Oracle\Java\javapath;C:\windows\system32;C:\windows;C:\windows\System32\Wbem;C:\windows\System32\WindowsPowerShell\v1.0\;C:\windows\System32\OpenSSH\;C:\Program Files (x86)\Intel\Intel(R) Management Engine Components\DAL;C:\Program Files\Intel\Intel(R) Management Engine Components\DAL;C:\Program Files\Git\cmd;C:\Program Files\nodejs\;C:\Program Files (x86)\Yarn\bin\;C:\ProgramData\chocolatey\bin;C:\Users\benep\AppData\Local\Microsoft\WindowsApps;C:\Users\benep\AppData\Local\Programs\Microsoft VS Code\bin;C:\Users\benep\AppData\Roaming\npm;C:\Users\benep\AppData\Local\Yarn\bin;C:\Program Files\MongoDB\Server\4.2\bin;
USERNAME=benep
OS=Windows_NT
PROCESSOR_IDENTIFIER=Intel64 Family 6 Model 142 Stepping 11, GenuineIntel



---------------  S Y S T E M  ---------------

OS: Windows 10.0 , 64 bit Build 17763 (10.0.17763.475)

CPU:total 8 (initial active 8) (4 cores per cpu, 2 threads per core) family 6 model 142 stepping 11, cmov, cx8, fxsr, mmx, sse, sse2, sse3, ssse3, sse4.1, sse4.2, popcnt, avx, avx2, aes, clmul, erms, 3dnowpref, lzcnt, ht, tsc, tscinvbit, bmi1, bmi2, adx

Memory: 4k page, physical 8277564k(595348k free), swap 8277564k(3016k free)

vm_info: Java HotSpot(TM) 64-Bit Server VM (25.162-b12) for windows-amd64 JRE (1.8.0_162-b12), built on Dec 19 2017 20:00:03 by "java_re" with MS VC++ 10.0 (VS2010)

time: Sun Feb 09 13:06:13 2020
elapsed time: 9 seconds (0d 0h 0m 9s)

