#
# There is insufficient memory for the Java Runtime Environment to continue.
# Native memory allocation (malloc) failed to allocate 1048576 bytes for AllocateHeap
# Possible reasons:
#   The system is out of physical RAM or swap space
#   In 32 bit mode, the process size limit was hit
# Possible solutions:
#   Reduce memory load on the system
#   Increase physical memory or swap space
#   Check if swap backing store is full
#   Use 64 bit Java on a 64 bit OS
#   Decrease Java heap size (-Xmx/-Xms)
#   Decrease number of Java threads
#   Decrease Java thread stack sizes (-Xss)
#   Set larger code cache with -XX:ReservedCodeCacheSize=
# This output file may be truncated or incomplete.
#
#  Out of Memory Error (memory/allocation.inline.hpp:61), pid=11408, tid=0x0000000000003224
#
# JRE version:  (8.0_162-b12) (build )
# Java VM: Java HotSpot(TM) 64-Bit Server VM (25.162-b12 mixed mode windows-amd64 compressed oops)
# Failed to write core dump. Minidumps are not enabled by default on client versions of Windows
#

---------------  T H R E A D  ---------------

Current thread (0x0000000003007800):  JavaThread "Unknown thread" [_thread_in_vm, id=12836, stack(0x0000000002ec0000,0x0000000002fc0000)]

Stack: [0x0000000002ec0000,0x0000000002fc0000]
[error occurred during error reporting (printing stack bounds), id 0xc0000005]

Native frames: (J=compiled Java code, j=interpreted, Vv=VM code, C=native code)


---------------  P R O C E S S  ---------------

Java Threads: ( => current thread )

Other Threads:

=>0x0000000003007800 (exited) JavaThread "Unknown thread" [_thread_in_vm, id=12836, stack(0x0000000002ec0000,0x0000000002fc0000)]

VM state:not at safepoint (normal execution)

VM Mutex/Monitor currently owned by a thread: None

Heap:
 PSYoungGen      total 38400K, used 665K [0x00000000d5e00000, 0x00000000d8880000, 0x0000000100000000)
  eden space 33280K, 2% used [0x00000000d5e00000,0x00000000d5ea6670,0x00000000d7e80000)
  from space 5120K, 0% used [0x00000000d8380000,0x00000000d8380000,0x00000000d8880000)
  to   space 5120K, 0% used [0x00000000d7e80000,0x00000000d7e80000,0x00000000d8380000)
 ParOldGen       total 87552K, used 0K [0x0000000081a00000, 0x0000000086f80000, 0x00000000d5e00000)
  object space 87552K, 0% used [0x0000000081a00000,0x0000000081a00000,0x0000000086f80000)
 Metaspace       used 770K, capacity 4480K, committed 4480K, reserved 1056768K
  class space    used 75K, capacity 384K, committed 384K, reserved 1048576K

Card table byte_map: [0x00000000124c0000,0x00000000128c0000] byte_map_base: 0x00000000120b3000

Marking Bits: (ParMarkBitMap*) 0x0000000069960860
 Begin Bits: [0x0000000013370000, 0x0000000015308000)
 End Bits:   [0x0000000015308000, 0x00000000172a0000)

Polling page: 0x0000000001050000

CodeCache: size=245760Kb used=328Kb max_used=328Kb free=245431Kb
 bounds [0x0000000003100000, 0x0000000003370000, 0x0000000012100000]
 total_blobs=58 nmethods=0 adapters=38
 compilation: enabled

Compilation events (0 events):
No events

GC Heap History (0 events):
No events

Deoptimization events (0 events):
No events

Classes redefined (0 events):
No events

Internal exceptions (0 events):
No events

Events (10 events):
Event: 0.035 loading class java/lang/Short
Event: 0.035 loading class java/lang/Short done
Event: 0.035 loading class java/lang/Integer
Event: 0.035 loading class java/lang/Integer done
Event: 0.035 loading class java/lang/Long
Event: 0.036 loading class java/lang/Long done
Event: 0.037 loading class java/lang/NullPointerException
Event: 0.037 loading class java/lang/NullPointerException done
Event: 0.037 loading class java/lang/ArithmeticException
Event: 0.037 loading class java/lang/ArithmeticException done


Dynamic libraries:
0x00007ff75d930000 - 0x00007ff75d967000 	C:\Program Files\Java\jdk1.8.0_162\bin\java.exe
0x00007fff01be0000 - 0x00007fff01dcd000 	C:\windows\SYSTEM32\ntdll.dll
0x00007fff00b40000 - 0x00007fff00bf3000 	C:\windows\System32\KERNEL32.DLL
0x00007ffefe950000 - 0x00007ffefebe3000 	C:\windows\System32\KERNELBASE.dll
0x00007ffefee00000 - 0x00007ffefeea3000 	C:\windows\System32\ADVAPI32.dll
0x00007ffeff240000 - 0x00007ffeff2de000 	C:\windows\System32\msvcrt.dll
0x00007ffeff360000 - 0x00007ffeff3fe000 	C:\windows\System32\sechost.dll
0x00007fff016e0000 - 0x00007fff01802000 	C:\windows\System32\RPCRT4.dll
0x00007fff00e20000 - 0x00007fff00fb7000 	C:\windows\System32\USER32.dll
0x00007ffefe8b0000 - 0x00007ffefe8d0000 	C:\windows\System32\win32u.dll
0x00007fff009b0000 - 0x00007fff009d9000 	C:\windows\System32\GDI32.dll
0x00007ffefec40000 - 0x00007ffefedd9000 	C:\windows\System32\gdi32full.dll
0x00007ffefe500000 - 0x00007ffefe5a0000 	C:\windows\System32\msvcp_win.dll
0x00007ffefe780000 - 0x00007ffefe87a000 	C:\windows\System32\ucrtbase.dll
0x00007ffeeb0e0000 - 0x00007ffeeb359000 	C:\windows\WinSxS\amd64_microsoft.windows.common-controls_6595b64144ccf1df_6.0.17763.973_none_05b245900721eb81\COMCTL32.dll
0x00007ffefef10000 - 0x00007ffeff23c000 	C:\windows\System32\combase.dll
0x00007ffefe8d0000 - 0x00007ffefe94e000 	C:\windows\System32\bcryptPrimitives.dll
0x00007fff00cd0000 - 0x00007fff00cfe000 	C:\windows\System32\IMM32.DLL
0x0000000069060000 - 0x0000000069131000 	C:\Program Files\Java\jdk1.8.0_162\jre\bin\msvcr100.dll
0x0000000069140000 - 0x00000000699e0000 	C:\Program Files\Java\jdk1.8.0_162\jre\bin\server\jvm.dll
0x00007fff00fc0000 - 0x00007fff00fc8000 	C:\windows\System32\PSAPI.DLL
0x00007ffefb5a0000 - 0x00007ffefb5c4000 	C:\windows\SYSTEM32\WINMM.dll
0x00007ffef9b50000 - 0x00007ffef9b59000 	C:\windows\SYSTEM32\WSOCK32.dll
0x00007ffeea550000 - 0x00007ffeea55a000 	C:\windows\SYSTEM32\VERSION.dll
0x00007fff009e0000 - 0x00007fff00a4d000 	C:\windows\System32\WS2_32.dll
0x00007ffefb430000 - 0x00007ffefb45d000 	C:\windows\SYSTEM32\WINMMBASE.dll
0x00007ffefebf0000 - 0x00007ffefec3a000 	C:\windows\System32\cfgmgr32.dll
0x0000000069010000 - 0x000000006901f000 	C:\Program Files\Java\jdk1.8.0_162\jre\bin\verify.dll
0x0000000068fe0000 - 0x0000000069009000 	C:\Program Files\Java\jdk1.8.0_162\jre\bin\java.dll
0x0000000068fc0000 - 0x0000000068fd6000 	C:\Program Files\Java\jdk1.8.0_162\jre\bin\zip.dll

VM Arguments:
jvm_args: -Dfile.encoding=UTF-8 
java_command: camisa10.Camisa10
java_class_path (initial): C:\Program Files\NetBeans 8.2\ide\modules\ext\mysql-connector-java-5.1.23-bin.jar;C:\Program Files\NetBeans 8.2\java\modules\ext\hibernate4\antlr-2.7.7.jar;C:\Program Files\NetBeans 8.2\java\modules\ext\hibernate4\c3p0-0.9.2.1.jar;C:\Program Files\NetBeans 8.2\java\modules\ext\hibernate4\hibernate-c3p0-4.3.1.Final.jar;C:\Program Files\NetBeans 8.2\java\modules\ext\hibernate4\mchange-commons-java-0.2.3.4.jar;C:\Program Files\NetBeans 8.2\java\modules\ext\hibernate4\dom4j-1.6.1.jar;C:\Program Files\NetBeans 8.2\java\modules\ext\hibernate4\ehcache-core-2.4.3.jar;C:\Program Files\NetBeans 8.2\java\modules\ext\hibernate4\hibernate-ehcache-4.3.1.Final.jar;C:\Program Files\NetBeans 8.2\java\modules\ext\hibernate4\hibernate-core-4.3.1.Final.jar;C:\Program Files\NetBeans 8.2\java\modules\ext\hibernate4\jboss-logging-3.1.3.GA.jar;C:\Program Files\NetBeans 8.2\java\modules\ext\hibernate4\hibernate-commons-annotations-4.0.4.Final.jar;C:\Program Files\NetBeans 8.2\java\modules\ext\hibernate4\hibernate-entitymanager-4.3.1.Final.jar;C:\Program Files\NetBeans 8.2\java\modules\ext\hibernate4\javassist-3.18.1-GA.jar;C:\Program Files\NetBeans 8.2\java\modules\ext\hibernate4\jboss-transaction-api_1.2_spec-1.0.0.Final.jar;C:\Program Files\NetBeans 8.2\java\modules\ext\hibernate4\slf4j-api-1.6.1.jar;C:\Program Files\NetBeans 8.2\java\modules\ext\hibernate4\slf4j-simple-1.6.1.jar;C:\Program Files\NetBeans 8.2\java\modules\ext\hibernate4\hibernate-jpa-2.1-api-1.0.0.Final.jar;C:\Program Files\Java\jdk1.8.0_162\db\lib\derbyclient.jar;C:\Program Files\Java\jdk1.8.0_162\db\lib\derby.jar;C:\JCalendar\jcalendar-1.4.jar;C:\Program Files (x86)\Jaspersoft\iReport-5.6.0\ireport\libs\xalan.jar;C:\Program Files (x86)\Jaspersoft\iReport-5.6.0\ireport\modules\com-jaspersoft-ireport-addons.jar;C:\Program Files (x86)\Jaspersoft\iReport-5.6.0\ireport\modules\com-jaspersoft-ireport-components.jar;C:\Program Files (x86)\Jaspersoft\iReport-5.6.0\ireport\modules\com-jaspersoft-irep
Launcher Type: SUN_STANDARD

Environment Variables:
PATH=C:\ProgramData\Oracle\Java\javapath;C:\windows\system32;C:\windows;C:\windows\System32\Wbem;C:\windows\System32\WindowsPowerShell\v1.0\;C:\windows\System32\OpenSSH\;C:\Program Files (x86)\Intel\Intel(R) Management Engine Components\DAL;C:\Program Files\Intel\Intel(R) Management Engine Components\DAL;C:\Program Files\Git\cmd;C:\Program Files\nodejs\;C:\Program Files (x86)\Yarn\bin\;C:\ProgramData\chocolatey\bin;C:\Users\benep\AppData\Local\Microsoft\WindowsApps;C:\Users\benep\AppData\Local\Programs\Microsoft VS Code\bin;C:\Users\benep\AppData\Roaming\npm;C:\Users\benep\AppData\Local\Yarn\bin;C:\Program Files\MongoDB\Server\4.2\bin;
USERNAME=benep
OS=Windows_NT
PROCESSOR_IDENTIFIER=Intel64 Family 6 Model 142 Stepping 11, GenuineIntel



---------------  S Y S T E M  ---------------

OS: Windows 10.0 , 64 bit Build 17763 (10.0.17763.475)

CPU:total 8 (initial active 8) (4 cores per cpu, 2 threads per core) family 6 model 142 stepping 11, cmov, cx8, fxsr, mmx, sse, sse2, sse3, ssse3, sse4.1, sse4.2, popcnt, avx, avx2, aes, clmul, erms, 3dnowpref, lzcnt, ht, tsc, tscinvbit, bmi1, bmi2, adx

Memory: 4k page, physical 8277564k(829960k free), swap 8277564k(5576k free)

vm_info: Java HotSpot(TM) 64-Bit Server VM (25.162-b12) for windows-amd64 JRE (1.8.0_162-b12), built on Dec 19 2017 20:00:03 by "java_re" with MS VC++ 10.0 (VS2010)

time: Mon Jan 27 21:17:36 2020
elapsed time: 0 seconds (0d 0h 0m 0s)

